0 info it worked if it ends with ok
1 verbose cli [ 'node', '/usr/local/bin/npm', 'run', 'serve' ]
2 info using npm@1.4.16
3 info using node@v0.10.29
4 verbose node symlink /usr/local/bin/node
5 verbose run-script [ 'preserve', 'serve', 'postserve' ]
6 info preserve js-style-guide@0.0.0
7 info serve js-style-guide@0.0.0
8 verbose unsafe-perm in lifecycle true
9 info js-style-guide@0.0.0 Failed to exec serve script
10 error js-style-guide@0.0.0 serve: `./node_modules/gitbook/bin/gitbook.js serve`
10 error Exit status 8
11 error Failed at the js-style-guide@0.0.0 serve script.
11 error This is most likely a problem with the js-style-guide package,
11 error not with npm itself.
11 error Tell the author that this fails on your system:
11 error     ./node_modules/gitbook/bin/gitbook.js serve
11 error You can get their info via:
11 error     npm owner ls js-style-guide
11 error There is likely additional logging output above.
12 error System Darwin 13.2.0
13 error command "node" "/usr/local/bin/npm" "run" "serve"
14 error cwd /Users/caiogondim/Code/js-style-guide
15 error node -v v0.10.29
16 error npm -v 1.4.16
17 error code ELIFECYCLE
18 verbose exit [ 1, true ]
